#
# A fatal error has been detected by the Java Runtime Environment:
#
#  Internal Error (javaClasses.cpp:127), pid=21576, tid=29472
#  fatal error: Invalid layout of preloaded class
#
# JRE version:  (8.0_51-b16) (build )
# Java VM: Java HotSpot(TM) 64-Bit Server VM (25.51-b03 mixed mode windows-amd64 compressed oops)
# Failed to write core dump. Minidumps are not enabled by default on client versions of Windows
#
# If you would like to submit a bug report, please visit:
#   http://bugreport.java.com/bugreport/crash.jsp
#

---------------  T H R E A D  ---------------

Current thread (0x0000000003260800):  JavaThread "Unknown thread" [_thread_in_vm, id=29472, stack(0x0000000002d30000,0x0000000002e30000)]

Stack: [0x0000000002d30000,0x0000000002e30000]
[error occurred during error reporting (printing stack bounds), id 0xc0000005]

Native frames: (J=compiled Java code, j=interpreted, Vv=VM code, C=native code)
V  [jvm.dll+0x32b4ca]
V  [jvm.dll+0x2797e3]
V  [jvm.dll+0x27a479]
V  [jvm.dll+0x29a984]
C  [KERNELBASE.dll+0x702ce]
C  [ntdll.dll+0x98992]
C  [ntdll.dll+0x83f66]
C  [ntdll.dll+0x9633d]
C  [ntdll.dll+0x13c00]
C  [ntdll.dll+0x9544a]
V  [jvm.dll+0x21bbc1]


---------------  P R O C E S S  ---------------

Java Threads: ( => current thread )

Other Threads:

=>0x0000000003260800 (exited) JavaThread "Unknown thread" [_thread_in_vm, id=29472, stack(0x0000000002d30000,0x0000000002e30000)]

VM state:not at safepoint (not fully initialized)

VM Mutex/Monitor currently owned by a thread: None

GC Heap History (0 events):
No events

Deoptimization events (0 events):
No events

Internal exceptions (0 events):
No events

Events (10 events):
Event: 0.035 loading class java/lang/CharSequence done
Event: 0.036 loading class java/lang/String done
Event: 0.036 loading class java/lang/Class
Event: 0.036 loading class java/lang/reflect/AnnotatedElement
Event: 0.036 loading class java/lang/reflect/AnnotatedElement done
Event: 0.036 loading class java/lang/reflect/GenericDeclaration
Event: 0.036 loading class java/lang/reflect/GenericDeclaration done
Event: 0.036 loading class java/lang/reflect/Type
Event: 0.036 loading class java/lang/reflect/Type done
Event: 0.036 loading class java/lang/Class done


Dynamic libraries:
0x00007ff6459f0000 - 0x00007ff645a27000 	C:\Program Files\Java\jre1.8.0_51\bin\javaw.exe
0x00007fff4fb40000 - 0x00007fff4fd01000 	C:\WINDOWS\SYSTEM32\ntdll.dll
0x00007fff4d2a0000 - 0x00007fff4d34d000 	C:\WINDOWS\system32\KERNEL32.DLL
0x00007fff4c830000 - 0x00007fff4ca0d000 	C:\WINDOWS\system32\KERNELBASE.dll
0x00007fff4ef00000 - 0x00007fff4efa6000 	C:\WINDOWS\system32\ADVAPI32.dll
0x00007fff4d520000 - 0x00007fff4d5bd000 	C:\WINDOWS\system32\msvcrt.dll
0x00007fff4fa00000 - 0x00007fff4fa5b000 	C:\WINDOWS\system32\sechost.dll
0x00007fff4f8d0000 - 0x00007fff4f9f6000 	C:\WINDOWS\system32\RPCRT4.dll
0x00007fff4d5c0000 - 0x00007fff4d70e000 	C:\WINDOWS\system32\USER32.dll
0x00007fff4efb0000 - 0x00007fff4f136000 	C:\WINDOWS\system32\GDI32.dll
0x00007fff47880000 - 0x00007fff47af4000 	C:\WINDOWS\WinSxS\amd64_microsoft.windows.common-controls_6595b64144ccf1df_6.0.10240.16384_none_f41f7b285750ef43\COMCTL32.dll
0x00007fff4f890000 - 0x00007fff4f8c6000 	C:\WINDOWS\system32\IMM32.DLL
0x00007fff4ed90000 - 0x00007fff4eeec000 	C:\WINDOWS\system32\MSCTF.dll
0x0000000069b00000 - 0x0000000069bd2000 	C:\Program Files\Java\jre1.8.0_51\bin\msvcr100.dll
0x0000000068860000 - 0x00000000690e3000 	C:\Program Files\Java\jre1.8.0_51\bin\server\jvm.dll
0x00007fff4fad0000 - 0x00007fff4fad8000 	C:\WINDOWS\system32\PSAPI.DLL
0x00007fff3eb60000 - 0x00007fff3eb69000 	C:\WINDOWS\SYSTEM32\WSOCK32.dll
0x00007fff4acb0000 - 0x00007fff4acd3000 	C:\WINDOWS\SYSTEM32\WINMM.dll
0x00007fff47b00000 - 0x00007fff47b0a000 	C:\WINDOWS\SYSTEM32\VERSION.dll
0x00007fff4fa60000 - 0x00007fff4fac9000 	C:\WINDOWS\system32\WS2_32.dll
0x00007fff4ac80000 - 0x00007fff4acac000 	C:\WINDOWS\SYSTEM32\WINMMBASE.dll
0x00007fff4eef0000 - 0x00007fff4eef8000 	C:\WINDOWS\system32\NSI.dll
0x00007fff4c610000 - 0x00007fff4c654000 	C:\WINDOWS\system32\cfgmgr32.dll
0x00007fff4ae40000 - 0x00007fff4ae67000 	C:\WINDOWS\SYSTEM32\DEVOBJ.dll
0x0000000069fe0000 - 0x0000000069fef000 	C:\Program Files\Java\jre1.8.0_51\bin\verify.dll
0x0000000069fb0000 - 0x0000000069fd9000 	C:\Program Files\Java\jre1.8.0_51\bin\java.dll
0x0000000069f90000 - 0x0000000069fa6000 	C:\Program Files\Java\jre1.8.0_51\bin\zip.dll
0x00007fff45520000 - 0x00007fff456aa000 	C:\WINDOWS\SYSTEM32\dbghelp.dll

VM Arguments:
jvm_args: -Dfile.encoding=UTF-8 -Xbootclasspath:D:\Program Files (x86)\java_ADT-bundle-windows_x64\sdk\platforms\android-19\android.jar 
java_command: com.businesshome.datas.GetNews
java_class_path (initial): C:\Users\lenovo\Desktop\BusinessHome\libs\htmlparse.jar;C:\Users\lenovo\Desktop\BusinessHome\libs\android-support-v4.jar;C:\Users\lenovo\Desktop\BusinessHome\libs\pushservice-4.5.3.48.jar;C:\Users\lenovo\Desktop\BusinessHome\libs\gson-2.2.4.jar;C:\Users\lenovo\Desktop\BusinessHome\libs\json-lib-2.2.3-jdk15.jar;C:\Users\lenovo\Desktop\BusinessHome\bin\classes
Launcher Type: SUN_STANDARD

Environment Variables:
JAVA_HOME=C:\Program Files\Java\jdk1.8.0_51
CLASSPATH=.;C:\Program Files\Java\jdk1.8.0_51\lib;C:\Program Files\Java\jdk1.8.0_51\lib\tools.jar;D:\Program Files (x86)\tomcat-8\bin;
PATH=C:/Program Files/Java/jre1.8.0_51/bin/server;C:/Program Files/Java/jre1.8.0_51/bin;C:/Program Files/Java/jre1.8.0_51/lib/amd64;D:\Program Files (x86)\python27\;D:\Program Files (x86)\python27\Scripts;C:\ProgramData\Oracle\Java\javapath;D:\Program Files (x86)\TortoiseSVN\bin;D:\Program Files\Git\cmd;D:\Program Files (x86)\solr-5.0.0\bin;D:\Program Files\Rational\common;D:\Program Files (x86)\mysql-5.6\bin;C:\WINDOWS\system32;C:\WINDOWS;C:\WINDOWS\System32\Wbem;C:\WINDOWS\System32\WindowsPowerShell\v1.0\;C:\Program Files\Java\jdk1.8.0_51\bin;C:\Program Files\Java\jdk1.8.0_51\jre\bin;D:\Program Files (x86)\redhat;D:\Program Files (x86)\PostgreSQL\bin;C:\WINDOWS\system32;C:\WINDOWS;D:\Program Files (x86)\MySQL Server 5.7\MySQL Server 5.7\bin;D:\AppServ\Apache2.2\bin;D:\AppServ\php6;D:\Program Files (x86)\java_ADT-bundle-windows_x64\eclipse;
USERNAME=lenovo
OS=Windows_NT
PROCESSOR_IDENTIFIER=Intel64 Family 6 Model 60 Stepping 3, GenuineIntel



---------------  S Y S T E M  ---------------

OS: Windows 10.0 , 64 bit Build 10240 (10.0.10240.16384)

CPU:total 4 (2 cores per cpu, 2 threads per core) family 6 model 60 stepping 3, cmov, cx8, fxsr, mmx, sse, sse2, sse3, ssse3, sse4.1, sse4.2, popcnt, avx, avx2, aes, clmul, erms, lzcnt, ht, tsc, tscinvbit, bmi1, bmi2

Memory: 4k page, physical 12493080k(7059656k free), swap 17473816k(9296280k free)

vm_info: Java HotSpot(TM) 64-Bit Server VM (25.51-b03) for windows-amd64 JRE (1.8.0_51-b16), built on Jun  8 2015 18:03:07 by "java_re" with MS VC++ 10.0 (VS2010)

time: Sun Oct 11 15:50:58 2015
elapsed time: 0 seconds (0d 0h 0m 0s)

